{
  "RSpec": {
    "coverage": {
      "/Users/nadinedelia/Projects/GildedRose-Refactoring-Kata/spec/gilded_rose_spec.rb": {
        "lines": [
          1,
          1,
          null,
          1,
          null,
          1,
          null,
          1,
          1,
          1,
          1,
          null,
          null,
          1,
          1,
          1,
          1,
          1,
          null,
          null,
          1,
          1,
          1,
          1,
          null,
          null,
          null,
          1,
          1,
          1,
          1,
          null,
          null,
          1,
          1,
          1,
          1,
          null,
          null,
          1,
          1,
          1,
          1,
          null,
          null,
          1,
          1,
          1,
          1,
          null,
          null,
          null,
          1,
          1,
          1,
          1,
          null,
          null,
          null,
          1,
          1,
          1,
          1,
          1,
          null,
          null,
          null,
          null
        ]
      },
      "/Users/nadinedelia/Projects/GildedRose-Refactoring-Kata/lib/gilded_rose.rb": {
        "lines": [
          1,
          null,
          1,
          null,
          1,
          9,
          null,
          null,
          1,
          9,
          9,
          4,
          4,
          3,
          null,
          null,
          null,
          5,
          4,
          4,
          3,
          2,
          2,
          null,
          null,
          3,
          1,
          1,
          null,
          null,
          null,
          null,
          null,
          9,
          8,
          null,
          9,
          1,
          1,
          1,
          1,
          1,
          null,
          null,
          null,
          0,
          null,
          null,
          0,
          0,
          null,
          null,
          null,
          null,
          null,
          null
        ]
      },
      "/Users/nadinedelia/Projects/GildedRose-Refactoring-Kata/lib/item.rb": {
        "lines": [
          1,
          1,
          null,
          1,
          9,
          9,
          9,
          null,
          null,
          1,
          0,
          null,
          null,
          null,
          null,
          null
        ]
      },
      "/Users/nadinedelia/Projects/GildedRose-Refactoring-Kata/spec/item_spec.rb": {
        "lines": [

        ]
      }
    },
    "timestamp": 1594896871
  }
}
